0 info it worked if it ends with ok
1 verbose cli [ '/usr/local/Cellar/node/5.7.0/bin/node',
1 verbose cli   '/usr/local/bin/npm',
1 verbose cli   'run',
1 verbose cli   'server' ]
2 info using npm@3.7.3
3 info using node@v5.7.0
4 verbose run-script [ 'preserver', 'server', 'postserver' ]
5 info lifecycle chronontology-editor@0.0.1~preserver: chronontology-editor@0.0.1
6 silly lifecycle chronontology-editor@0.0.1~preserver: no script for preserver, continuing
7 info lifecycle chronontology-editor@0.0.1~server: chronontology-editor@0.0.1
8 verbose lifecycle chronontology-editor@0.0.1~server: unsafe-perm in lifecycle true
9 verbose lifecycle chronontology-editor@0.0.1~server: PATH: /usr/local/lib/node_modules/npm/bin/node-gyp-bin:/Users/daniel/Workspace/Checkouts/chronontology-editor/node_modules/.bin:/usr/local/Cellar/node/5.7.0/bin:/Users/daniel/.gvm/vertx/current/bin:/Users/daniel/.gvm/springboot/current/bin:/Users/daniel/.gvm/lazybones/current/bin:/Users/daniel/.gvm/jbake/current/bin:/Users/daniel/.gvm/groovyserv/current/bin:/Users/daniel/.gvm/groovy/current/bin:/Users/daniel/.gvm/griffon/current/bin:/Users/daniel/.gvm/grails/current/bin:/Users/daniel/.gvm/gradle/current/bin:/Users/daniel/.gvm/glide/current/bin:/Users/daniel/.gvm/gaiden/current/bin:/Users/daniel/.gvm/crash/current/bin:/Users/daniel/.gvm/asciidoctorj/current/bin:/usr/bin:/bin:/usr/sbin:/sbin:/usr/local/bin:/opt/X11/bin:/opt/ImageMagick/bin
10 verbose lifecycle chronontology-editor@0.0.1~server: CWD: /Users/daniel/Workspace/Checkouts/chronontology-editor
11 silly lifecycle chronontology-editor@0.0.1~server: Args: [ '-c', 'gulp webserver-watch' ]
12 silly lifecycle chronontology-editor@0.0.1~server: Returned: code: 1  signal: null
13 info lifecycle chronontology-editor@0.0.1~server: Failed to exec server script
14 verbose stack Error: chronontology-editor@0.0.1 server: `gulp webserver-watch`
14 verbose stack Exit status 1
14 verbose stack     at EventEmitter.<anonymous> (/usr/local/lib/node_modules/npm/lib/utils/lifecycle.js:239:16)
14 verbose stack     at emitTwo (events.js:100:13)
14 verbose stack     at EventEmitter.emit (events.js:185:7)
14 verbose stack     at ChildProcess.<anonymous> (/usr/local/lib/node_modules/npm/lib/utils/spawn.js:24:14)
14 verbose stack     at emitTwo (events.js:100:13)
14 verbose stack     at ChildProcess.emit (events.js:185:7)
14 verbose stack     at maybeClose (internal/child_process.js:827:16)
14 verbose stack     at Process.ChildProcess._handle.onexit (internal/child_process.js:211:5)
15 verbose pkgid chronontology-editor@0.0.1
16 verbose cwd /Users/daniel/Workspace/Checkouts/chronontology-editor
17 error Darwin 15.4.0
18 error argv "/usr/local/Cellar/node/5.7.0/bin/node" "/usr/local/bin/npm" "run" "server"
19 error node v5.7.0
20 error npm  v3.7.3
21 error code ELIFECYCLE
22 error chronontology-editor@0.0.1 server: `gulp webserver-watch`
22 error Exit status 1
23 error Failed at the chronontology-editor@0.0.1 server script 'gulp webserver-watch'.
23 error Make sure you have the latest version of node.js and npm installed.
23 error If you do, this is most likely a problem with the chronontology-editor package,
23 error not with npm itself.
23 error Tell the author that this fails on your system:
23 error     gulp webserver-watch
23 error You can get information on how to open an issue for this project with:
23 error     npm bugs chronontology-editor
23 error Or if that isn't available, you can get their info via:
23 error     npm owner ls chronontology-editor
23 error There is likely additional logging output above.
24 verbose exit [ 1, true ]
